Microsoft (R) Macro Assembler Version 14.28.29333.0	    12/07/20 12:27:07
example.asm						     Page 1 - 1


				; Author:  MingkuanPang
				; Date:    10/8/2020    

				.586
				.MODEL FLAT
				 INCLUDE io.h
			      C ; IO.H -- header file for I/O macros (listing suppressed)
			      C .NOLIST      ; turn off listing
			      C .LIST        ; begin listing
			      C 
				.STACK  4096            ; reserve 4096-byte stack

 00000000			.DATA                   ; reserve storage for data
 00000000 48 6F 77 20 6D	prompt	BYTE	"How many disks?",0
	   61 6E 79 20 64
	   69 73 6B 73 3F
	   00
 00000010  00000010 [		number	BYTE	16 DUP(?)
	    00
	   ]
 00000020 4D 6F 76 65 20	outLbl	BYTE	"Move disk",0
	   64 69 73 6B 00
 0000002A 66 72 6F 6D 20	outMsg	BYTE	"from spindle "
	   73 70 69 6E 64
	   6C 65 20
 00000037 00 0A 0D		source	BYTE	?, 0ah,	0dh
 0000003A  74 6F 20 73 70			BYTE	'to spindle '
	   69 6E 64 6C 65
	   20
 00000045 00 00			dest	BYTE	?, 0
 00000000			.CODE       
 00000000			_MainProc    PROC
 00000000  B0 43			mov		al,'C'
 00000002  50				push	eax
 00000003  B0 42			mov		al,'B'
 00000005  50				push	eax
 00000006  B0 41			mov		al,'A'
 00000008  50				push	eax
					input	prompt, number, 16
					atod	number
 00000036  50				push	eax
					call	move
example.asm(28) : error A2006:undefined symbol : move
 00000037  83 C4 10			add		esp,16
 0000003A  B8 00000000			mov		eax,0
 0000003F  C3				ret
 00000040			_MainProc    ENDP

 00000040			fctn1   PROC
 00000040  55				push	ebp
 00000041  8B EC			mov		ebp,esp

 00000043  C3				ret
 00000044			fctn1   ENDP
				END                           
Microsoft (R) Macro Assembler Version 14.28.29333.0	    12/07/20 12:27:07
example.asm						     Symbols 2 - 1




Macros:

                N a m e                 Type

atod . . . . . . . . . . . . . .	Proc
atow . . . . . . . . . . . . . .	Proc
dtoa . . . . . . . . . . . . . .	Proc
input  . . . . . . . . . . . . .	Proc
output . . . . . . . . . . . . .	Proc
wtoa . . . . . . . . . . . . . .	Proc


Segments and Groups:

                N a m e                 Size     Length   Align   Combine Class

FLAT . . . . . . . . . . . . . .	GROUP
STACK  . . . . . . . . . . . . .	32 Bit	 00001000 Para	  Stack	  'STACK'	 
_DATA  . . . . . . . . . . . . .	32 Bit	 00000047 Para	  Public  'DATA'	
_TEXT  . . . . . . . . . . . . .	32 Bit	 0000004F Para	  Public  'CODE'	


Procedures, parameters, and locals:

                N a m e                 Type     Value    Attr

_MainProc  . . . . . . . . . . .	P Near	 00000000 _TEXT	Length= 0000004B Public
fctn1  . . . . . . . . . . . . .	P Near	 0000004B _TEXT	Length= 00000004 Public


Symbols:

                N a m e                 Type     Value    Attr

@CodeSize  . . . . . . . . . . .	Number	 00000000h   
@DataSize  . . . . . . . . . . .	Number	 00000000h   
@Interface . . . . . . . . . . .	Number	 00000000h   
@Model . . . . . . . . . . . . .	Number	 00000007h   
@code  . . . . . . . . . . . . .	Text   	 _TEXT
@data  . . . . . . . . . . . . .	Text   	 FLAT
@fardata?  . . . . . . . . . . .	Text   	 FLAT
@fardata . . . . . . . . . . . .	Text   	 FLAT
@stack . . . . . . . . . . . . .	Text   	 FLAT
_getInput  . . . . . . . . . . .	L Near	 00000000 FLAT	External
_showOutput  . . . . . . . . . .	L Near	 00000000 FLAT	External
atodproc . . . . . . . . . . . .	L Near	 00000000 FLAT	External
atowproc . . . . . . . . . . . .	L Near	 00000000 FLAT	External
dest . . . . . . . . . . . . . .	Byte	 00000045 _DATA	
dtoaproc . . . . . . . . . . . .	L Near	 00000000 FLAT	External
number . . . . . . . . . . . . .	Byte	 00000010 _DATA	
outLbl . . . . . . . . . . . . .	Byte	 00000020 _DATA	
outMsg . . . . . . . . . . . . .	Byte	 0000002A _DATA	
prompt . . . . . . . . . . . . .	Byte	 00000000 _DATA	
source . . . . . . . . . . . . .	Byte	 00000037 _DATA	
wtoaproc . . . . . . . . . . . .	L Near	 00000000 FLAT	External

	   0 Warnings
	   1 Errors
