Microsoft (R) Macro Assembler Version 14.27.29111.0	    11/01/20 02:35:05
example.asm						     Page 1 - 1


				; Author:  MingkuanPang
				; Date:    10/29/2020    

				.586
				.MODEL FLAT
				 INCLUDE io.h
			      C ; IO.H -- header file for I/O macros (listing suppressed)
			      C .NOLIST      ; turn off listing
			      C .LIST        ; begin listing
			      C 
				.STACK  4096            ; reserve 4096-byte stack

 00000000			.DATA	; reserve storage for data
 00000000 00000005		X		  DWORD		5
 00000004 00000001		Y		  DWORD		1
 00000008 00000002		Xmin	  DWORD		2
 0000000C 00000002		Ymin	  DWORD		2
 00000010 00000004		Xmax	  DWORD		4
 00000014 00000004		Ymax	  DWORD		4

				setCode		Macro	x,y,xmin,ymin,xmax,ymax
					pushd	ymax
					pushd	xmax
					pushd	ymin
					pushd	xmin
					pushd	y
					pushd	x
					call	setCodeProc
					add		esp,24
					ENDM
 00000000			.CODE       
 00000000			_MainProc    PROC
					setCode	x,y,xmin,ymin,xmax,ymax
 0000002C  B8 00000000			mov		eax,0
 00000031  C3				ret
 00000032			_MainProc    ENDP

				;x,y,xmin,ymin,xmax,ymax
 00000032			setCodeProc		PROC
 00000032  55				push	ebp
 00000033  8B EC			mov		ebp,esp
 00000035  53				push	ebx
 00000036  52				push	edx
 00000037  83 E0 00			and		eax,0000h
 0000003A  8B 5D 08			mov		ebx,[ebp+8]
 0000003D  8B 55 0C			mov		edx,[ebp+12]
 00000040  3B 5D 10			cmp		ebx,[ebp+16]
 00000043  7F 04			jg		ifxmiddle
 00000045  B0 10			mov		al,10h
 00000047  EB 0B			jmp		compareY
 00000049				ifxmiddle:
 00000049  3B 5D 18			cmp		ebx,[ebp+24]
 0000004C  7D 04			jge		ifxlarge
 0000004E  B0 00			mov		al,00h
 00000050  EB 02			jmp		compareY
 00000052				ifxlarge:
 00000052  B0 01			mov		al,01h
 00000054				compareY:
 00000054  3B 55 14			cmp		edx,[ebp+20]
 00000057  7F 06			jg		ifymiddle
 00000059  66| 0D 1000			or		ax,01000h
 0000005D  EB 0F			jmp		ending
 0000005F				ifymiddle:
 0000005F  3B 55 1C			cmp		edx,[ebp+28]
 00000062  7D 06			jge		ifylarge
 00000064  66| 83 E0 11			and		ax,000011h
 00000068  EB 04			jmp		ending
 0000006A				ifylarge:
 0000006A  66| 0D 0100			or		ax,00100h
 0000006E				ending:
 0000006E  5A				pop		edx
 0000006F  5B				pop		ebx
 00000070  5D				pop		ebp
 00000071  C3				ret
 00000072			setCodeProc		ENDP
				END
Microsoft (R) Macro Assembler Version 14.27.29111.0	    11/01/20 02:35:05
example.asm						     Symbols 2 - 1




Macros:

                N a m e                 Type

atod . . . . . . . . . . . . . .	Proc
atow . . . . . . . . . . . . . .	Proc
dtoa . . . . . . . . . . . . . .	Proc
input  . . . . . . . . . . . . .	Proc
output . . . . . . . . . . . . .	Proc
setCode  . . . . . . . . . . . .	Proc
wtoa . . . . . . . . . . . . . .	Proc


Segments and Groups:

                N a m e                 Size     Length   Align   Combine Class

FLAT . . . . . . . . . . . . . .	GROUP
STACK  . . . . . . . . . . . . .	32 Bit	 00001000 Para	  Stack	  'STACK'	 
_DATA  . . . . . . . . . . . . .	32 Bit	 00000018 Para	  Public  'DATA'	
_TEXT  . . . . . . . . . . . . .	32 Bit	 00000072 Para	  Public  'CODE'	


Procedures, parameters, and locals:

                N a m e                 Type     Value    Attr

_MainProc  . . . . . . . . . . .	P Near	 00000000 _TEXT	Length= 00000032 Public
setCodeProc  . . . . . . . . . .	P Near	 00000032 _TEXT	Length= 00000040 Public
  ifxmiddle  . . . . . . . . . .	L Near	 00000049 _TEXT	
  ifxlarge . . . . . . . . . . .	L Near	 00000052 _TEXT	
  compareY . . . . . . . . . . .	L Near	 00000054 _TEXT	
  ifymiddle  . . . . . . . . . .	L Near	 0000005F _TEXT	
  ifylarge . . . . . . . . . . .	L Near	 0000006A _TEXT	
  ending . . . . . . . . . . . .	L Near	 0000006E _TEXT	


Symbols:

                N a m e                 Type     Value    Attr

@CodeSize  . . . . . . . . . . .	Number	 00000000h   
@DataSize  . . . . . . . . . . .	Number	 00000000h   
@Interface . . . . . . . . . . .	Number	 00000000h   
@Model . . . . . . . . . . . . .	Number	 00000007h   
@code  . . . . . . . . . . . . .	Text   	 _TEXT
@data  . . . . . . . . . . . . .	Text   	 FLAT
@fardata?  . . . . . . . . . . .	Text   	 FLAT
@fardata . . . . . . . . . . . .	Text   	 FLAT
@stack . . . . . . . . . . . . .	Text   	 FLAT
Xmax . . . . . . . . . . . . . .	DWord	 00000010 _DATA	
Xmin . . . . . . . . . . . . . .	DWord	 00000008 _DATA	
X  . . . . . . . . . . . . . . .	DWord	 00000000 _DATA	
Ymax . . . . . . . . . . . . . .	DWord	 00000014 _DATA	
Ymin . . . . . . . . . . . . . .	DWord	 0000000C _DATA	
Y  . . . . . . . . . . . . . . .	DWord	 00000004 _DATA	
_getInput  . . . . . . . . . . .	L Near	 00000000 FLAT	External
_showOutput  . . . . . . . . . .	L Near	 00000000 FLAT	External
atodproc . . . . . . . . . . . .	L Near	 00000000 FLAT	External
atowproc . . . . . . . . . . . .	L Near	 00000000 FLAT	External
dtoaproc . . . . . . . . . . . .	L Near	 00000000 FLAT	External
wtoaproc . . . . . . . . . . . .	L Near	 00000000 FLAT	External

	   0 Warnings
	   0 Errors
