Microsoft (R) Macro Assembler Version 14.28.29333.0	    11/15/20 15:43:52
example.asm						     Page 1 - 1


				; Example assembly language program -- adds 158 to number in memory
				; Author:  MingkuanPang
				; Date:    11/12/2020    

				.586
				.MODEL FLAT
				 INCLUDE io.h
			      C ; IO.H -- header file for I/O macros (listing suppressed)
			      C .NOLIST      ; turn off listing
			      C .LIST        ; begin listing
			      C 
				.STACK  4096            ; reserve 4096-byte stack

 00000000			.DATA	; reserve storage for data
 00000000 50 6C 65 61 73	prompt1		BYTE	"Please enter a string",0
	   65 20 65 6E 74
	   65 72 20 61 20
	   73 74 72 69 6E
	   67 00
 00000016  0000001E [		instring	BYTE	30 DUP (?),0
	    00
	   ] 00
 00000035  0000001E [		outstr		BYTE	30 DUP (?),0
	    00
	   ] 00
 00000054 54 68 65 20 73	prompt2		BYTE	"The string you input is:",0
	   74 72 69 6E 67
	   20 79 6F 75 20
	   69 6E 70 75 74
	   20 69 73 3A 00

				cpystr MACRO orinstr,cpystr
					lea		eax,cpystr
					push	eax
					lea		eax,orinstr
					push	eax
					call	cpystrProc
					add		esp,8
					ENDM

 00000000			.CODE       
 00000000			_MainProc    PROC
					input	prompt1,instring,30
					cpystr	instring,outstr
					output	prompt2,outstr
 0000004D  B8 00000000			mov		eax,0
 00000052  C3				ret
 00000053			_MainProc    ENDP
				;source,destination
 00000053			cpystrProc	PROC
 00000053  55				push	ebp
 00000054  8B EC			mov		ebp,esp
 00000056  57				push	edi
 00000057  56				push	esi
 00000058  9C				pushfd
 00000059  8B 75 08			mov		esi,[ebp+8]
 0000005C  8B 7D 0C			mov		edi,[ebp+12]
 0000005F				whileloop:
 0000005F  80 3E 00			cmp		BYTE PTR [esi],0
 00000062  74 04			je		endloop
 00000064  FC				cld
 00000065  A4				movsb
 00000066  EB F7			jmp		whileloop
 00000068				endloop:
 00000068  9D				popfd
 00000069  5E				pop		esi
 0000006A  5F				pop		edi
 0000006B  5D				pop		ebp
 0000006C  C3				ret
 0000006D			cpystrProc	ENDP
				END
Microsoft (R) Macro Assembler Version 14.28.29333.0	    11/15/20 15:43:52
example.asm						     Symbols 2 - 1




Macros:

                N a m e                 Type

atod . . . . . . . . . . . . . .	Proc
atow . . . . . . . . . . . . . .	Proc
cpystr . . . . . . . . . . . . .	Proc
dtoa . . . . . . . . . . . . . .	Proc
input  . . . . . . . . . . . . .	Proc
output . . . . . . . . . . . . .	Proc
wtoa . . . . . . . . . . . . . .	Proc


Segments and Groups:

                N a m e                 Size     Length   Align   Combine Class

FLAT . . . . . . . . . . . . . .	GROUP
STACK  . . . . . . . . . . . . .	32 Bit	 00001000 Para	  Stack	  'STACK'	 
_DATA  . . . . . . . . . . . . .	32 Bit	 0000006D Para	  Public  'DATA'	
_TEXT  . . . . . . . . . . . . .	32 Bit	 0000006D Para	  Public  'CODE'	


Procedures, parameters, and locals:

                N a m e                 Type     Value    Attr

_MainProc  . . . . . . . . . . .	P Near	 00000000 _TEXT	Length= 00000053 Public
cpystrProc . . . . . . . . . . .	P Near	 00000053 _TEXT	Length= 0000001A Public
  whileloop  . . . . . . . . . .	L Near	 0000005F _TEXT	
  endloop  . . . . . . . . . . .	L Near	 00000068 _TEXT	


Symbols:

                N a m e                 Type     Value    Attr

@CodeSize  . . . . . . . . . . .	Number	 00000000h   
@DataSize  . . . . . . . . . . .	Number	 00000000h   
@Interface . . . . . . . . . . .	Number	 00000000h   
@Model . . . . . . . . . . . . .	Number	 00000007h   
@code  . . . . . . . . . . . . .	Text   	 _TEXT
@data  . . . . . . . . . . . . .	Text   	 FLAT
@fardata?  . . . . . . . . . . .	Text   	 FLAT
@fardata . . . . . . . . . . . .	Text   	 FLAT
@stack . . . . . . . . . . . . .	Text   	 FLAT
_getInput  . . . . . . . . . . .	L Near	 00000000 FLAT	External
_showOutput  . . . . . . . . . .	L Near	 00000000 FLAT	External
atodproc . . . . . . . . . . . .	L Near	 00000000 FLAT	External
atowproc . . . . . . . . . . . .	L Near	 00000000 FLAT	External
dtoaproc . . . . . . . . . . . .	L Near	 00000000 FLAT	External
instring . . . . . . . . . . . .	Byte	 00000016 _DATA	
outstr . . . . . . . . . . . . .	Byte	 00000035 _DATA	
prompt1  . . . . . . . . . . . .	Byte	 00000000 _DATA	
prompt2  . . . . . . . . . . . .	Byte	 00000054 _DATA	
wtoaproc . . . . . . . . . . . .	L Near	 00000000 FLAT	External

	   0 Warnings
	   0 Errors
